<?xml version="1.0" encoding="UTF-8"?>
<!-- Generated by org.testng.reporters.JUnitReportReporter -->
<testsuite hostname="WALR-8156DL3" failures="0" tests="1" name="testcases.TC_003_Resetpwdtest" time="2.765" errors="0" timestamp="2023-11-30T11:47:03 IST" skipped="0">
  <testcase classname="testcases.TC_003_Resetpwdtest" name="Testresetpassword" time="2.765"/>
  <system-out/>
</testsuite> <!-- testcases.TC_003_Resetpwdtest -->
