<?xml version="1.0" encoding="UTF-8"?>
<!-- Generated by org.testng.reporters.JUnitReportReporter -->
<testsuite hostname="WALR-8156DL3" failures="0" tests="1" name="testcases.TC_005_Createprojecttes" time="11.538" errors="0" timestamp="2023-11-30T11:47:03 IST" skipped="0">
  <testcase classname="testcases.TC_005_Createprojecttes" name="Createprojecttest" time="11.538"/>
  <system-out/>
</testsuite> <!-- testcases.TC_005_Createprojecttes -->
