<?xml version="1.0" encoding="UTF-8"?>
<!-- Generated by org.testng.reporters.JUnitReportReporter -->
<testsuite hostname="WALR-8156DL3" failures="0" tests="1" name="testcases.Tc_001_logopresence" time="0.087" errors="0" timestamp="2023-11-30T11:47:03 IST" skipped="0">
  <testcase classname="testcases.Tc_001_logopresence" name="logopresence" time="0.087"/>
  <system-out/>
</testsuite> <!-- testcases.Tc_001_logopresence -->
