<?xml version="1.0" encoding="UTF-8"?>
<!-- Generated by org.testng.reporters.JUnitReportReporter -->
<testsuite hostname="WALR-8156DL3" failures="0" tests="1" name="testcases.Tc_002_logintest" time="15.597" errors="0" timestamp="2023-11-30T11:47:03 IST" skipped="0">
  <testcase classname="testcases.Tc_002_logintest" name="logintest" time="15.597"/>
  <system-out/>
</testsuite> <!-- testcases.Tc_002_logintest -->
